<?xml version="1.0" encoding="UTF-8"?>
<testsuite name="uno.PartidaClassTest" tests="6" skipped="0" failures="0" errors="0" timestamp="2022-06-02T21:09:09" hostname="axel-VirtualBox" time="0.192">
  <properties/>
  <testcase name="puedo entrar" classname="uno.PartidaClassTest" time="0.075"/>
  <testcase name="no puedo entrar por falta saldo" classname="uno.PartidaClassTest" time="0.002"/>
  <testcase name="no puedo entrar si estoy lleno" classname="uno.PartidaClassTest" time="0.004"/>
  <testcase name="no puedo iniciar partida si no esta llena" classname="uno.PartidaClassTest" time="0.003"/>
  <testcase name="puedo iniciar partida si la sala esta llena" classname="uno.PartidaClassTest" time="0.094"/>
  <testcase name="iniciar partida y tiro carta" classname="uno.PartidaClassTest" time="0.003"/>
  <system-out><![CDATA[]]></system-out>
  <system-err><![CDATA[]]></system-err>
</testsuite>
