<?xml version="1.0" encoding="UTF-8"?>
<testsuite name="uno.CartaComunClassTest" tests="2" skipped="0" failures="0" errors="0" timestamp="2022-05-26T21:53:23" hostname="axel-VirtualBox" time="0.058">
  <properties/>
  <testcase name="pruebaJugadaValida" classname="uno.CartaComunClassTest" time="0.053"/>
  <testcase name="pruebaJugadaNoValida" classname="uno.CartaComunClassTest" time="0.004"/>
  <system-out><![CDATA[]]></system-out>
  <system-err><![CDATA[]]></system-err>
</testsuite>
